<?xml version="1.0" encoding="UTF-8"?>
<testsuite xmlns:xsi="http://www.w3.org/2001/XMLSchema-instance" xsi:noNamespaceSchemaLocation="https://maven.apache.org/surefire/maven-surefire-plugin/xsd/surefire-test-report.xsd" name="br.com.cep.CepApplicationTests" time="5.266" tests="1" errors="0" skipped="0" failures="0">
  <properties>
    <property name="sun.desktop" value="gnome"/>
    <property name="awt.toolkit" value="sun.awt.X11.XToolkit"/>
    <property name="java.specification.version" value="11"/>
    <property name="sun.cpu.isalist" value=""/>
    <property name="sun.jnu.encoding" value="UTF-8"/>
    <property name="java.class.path" value="/home/basis/Documents/workspace/api-cep/target/test-classes:/home/basis/Documents/workspace/api-cep/target/classes:/home/basis/.m2/repository/org/springframework/boot/spring-boot-starter-web/2.2.5.RELEASE/spring-boot-starter-web-2.2.5.RELEASE.jar:/home/basis/.m2/repository/org/springframework/boot/spring-boot-starter-json/2.2.5.RELEASE/spring-boot-starter-json-2.2.5.RELEASE.jar:/home/basis/.m2/repository/com/fasterxml/jackson/core/jackson-databind/2.10.2/jackson-databind-2.10.2.jar:/home/basis/.m2/repository/com/fasterxml/jackson/core/jackson-annotations/2.10.2/jackson-annotations-2.10.2.jar:/home/basis/.m2/repository/com/fasterxml/jackson/core/jackson-core/2.10.2/jackson-core-2.10.2.jar:/home/basis/.m2/repository/com/fasterxml/jackson/datatype/jackson-datatype-jdk8/2.10.2/jackson-datatype-jdk8-2.10.2.jar:/home/basis/.m2/repository/com/fasterxml/jackson/datatype/jackson-datatype-jsr310/2.10.2/jackson-datatype-jsr310-2.10.2.jar:/home/basis/.m2/repository/com/fasterxml/jackson/module/jackson-module-parameter-names/2.10.2/jackson-module-parameter-names-2.10.2.jar:/home/basis/.m2/repository/org/springframework/boot/spring-boot-starter-tomcat/2.2.5.RELEASE/spring-boot-starter-tomcat-2.2.5.RELEASE.jar:/home/basis/.m2/repository/org/apache/tomcat/embed/tomcat-embed-core/9.0.31/tomcat-embed-core-9.0.31.jar:/home/basis/.m2/repository/org/apache/tomcat/embed/tomcat-embed-el/9.0.31/tomcat-embed-el-9.0.31.jar:/home/basis/.m2/repository/org/apache/tomcat/embed/tomcat-embed-websocket/9.0.31/tomcat-embed-websocket-9.0.31.jar:/home/basis/.m2/repository/org/springframework/boot/spring-boot-starter-validation/2.2.5.RELEASE/spring-boot-starter-validation-2.2.5.RELEASE.jar:/home/basis/.m2/repository/jakarta/validation/jakarta.validation-api/2.0.2/jakarta.validation-api-2.0.2.jar:/home/basis/.m2/repository/org/hibernate/validator/hibernate-validator/6.0.18.Final/hibernate-validator-6.0.18.Final.jar:/home/basis/.m2/repository/org/springframework/spring-webmvc/5.2.4.RELEASE/spring-webmvc-5.2.4.RELEASE.jar:/home/basis/.m2/repository/org/springframework/spring-aop/5.2.4.RELEASE/spring-aop-5.2.4.RELEASE.jar:/home/basis/.m2/repository/org/springframework/spring-context/5.2.4.RELEASE/spring-context-5.2.4.RELEASE.jar:/home/basis/.m2/repository/org/springframework/spring-expression/5.2.4.RELEASE/spring-expression-5.2.4.RELEASE.jar:/home/basis/.m2/repository/org/springframework/boot/spring-boot-starter-data-jpa/2.2.5.RELEASE/spring-boot-starter-data-jpa-2.2.5.RELEASE.jar:/home/basis/.m2/repository/org/springframework/boot/spring-boot-starter-aop/2.2.5.RELEASE/spring-boot-starter-aop-2.2.5.RELEASE.jar:/home/basis/.m2/repository/org/aspectj/aspectjweaver/1.9.5/aspectjweaver-1.9.5.jar:/home/basis/.m2/repository/org/springframework/boot/spring-boot-starter-jdbc/2.2.5.RELEASE/spring-boot-starter-jdbc-2.2.5.RELEASE.jar:/home/basis/.m2/repository/com/zaxxer/HikariCP/3.4.2/HikariCP-3.4.2.jar:/home/basis/.m2/repository/org/springframework/spring-jdbc/5.2.4.RELEASE/spring-jdbc-5.2.4.RELEASE.jar:/home/basis/.m2/repository/jakarta/activation/jakarta.activation-api/1.2.2/jakarta.activation-api-1.2.2.jar:/home/basis/.m2/repository/jakarta/persistence/jakarta.persistence-api/2.2.3/jakarta.persistence-api-2.2.3.jar:/home/basis/.m2/repository/jakarta/transaction/jakarta.transaction-api/1.3.3/jakarta.transaction-api-1.3.3.jar:/home/basis/.m2/repository/org/hibernate/hibernate-core/5.4.12.Final/hibernate-core-5.4.12.Final.jar:/home/basis/.m2/repository/org/jboss/logging/jboss-logging/3.4.1.Final/jboss-logging-3.4.1.Final.jar:/home/basis/.m2/repository/org/javassist/javassist/3.24.0-GA/javassist-3.24.0-GA.jar:/home/basis/.m2/repository/net/bytebuddy/byte-buddy/1.10.8/byte-buddy-1.10.8.jar:/home/basis/.m2/repository/antlr/antlr/2.7.7/antlr-2.7.7.jar:/home/basis/.m2/repository/org/jboss/jandex/2.1.1.Final/jandex-2.1.1.Final.jar:/home/basis/.m2/repository/com/fasterxml/classmate/1.5.1/classmate-1.5.1.jar:/home/basis/.m2/repository/org/dom4j/dom4j/2.1.1/dom4j-2.1.1.jar:/home/basis/.m2/repository/org/hibernate/common/hibernate-commons-annotations/5.1.0.Final/hibernate-commons-annotations-5.1.0.Final.jar:/home/basis/.m2/repository/org/glassfish/jaxb/jaxb-runtime/2.3.2/jaxb-runtime-2.3.2.jar:/home/basis/.m2/repository/org/glassfish/jaxb/txw2/2.3.2/txw2-2.3.2.jar:/home/basis/.m2/repository/com/sun/istack/istack-commons-runtime/3.0.8/istack-commons-runtime-3.0.8.jar:/home/basis/.m2/repository/org/jvnet/staxex/stax-ex/1.8.1/stax-ex-1.8.1.jar:/home/basis/.m2/repository/com/sun/xml/fastinfoset/FastInfoset/1.2.16/FastInfoset-1.2.16.jar:/home/basis/.m2/repository/org/springframework/data/spring-data-jpa/2.2.5.RELEASE/spring-data-jpa-2.2.5.RELEASE.jar:/home/basis/.m2/repository/org/springframework/data/spring-data-commons/2.2.5.RELEASE/spring-data-commons-2.2.5.RELEASE.jar:/home/basis/.m2/repository/org/springframework/spring-orm/5.2.4.RELEASE/spring-orm-5.2.4.RELEASE.jar:/home/basis/.m2/repository/org/springframework/spring-tx/5.2.4.RELEASE/spring-tx-5.2.4.RELEASE.jar:/home/basis/.m2/repository/org/slf4j/slf4j-api/1.7.30/slf4j-api-1.7.30.jar:/home/basis/.m2/repository/org/springframework/spring-aspects/5.2.4.RELEASE/spring-aspects-5.2.4.RELEASE.jar:/home/basis/.m2/repository/org/springframework/spring-web/5.2.4.RELEASE/spring-web-5.2.4.RELEASE.jar:/home/basis/.m2/repository/org/springframework/spring-beans/5.2.4.RELEASE/spring-beans-5.2.4.RELEASE.jar:/home/basis/.m2/repository/org/springframework/spring-core/5.2.4.RELEASE/spring-core-5.2.4.RELEASE.jar:/home/basis/.m2/repository/org/springframework/spring-jcl/5.2.4.RELEASE/spring-jcl-5.2.4.RELEASE.jar:/home/basis/.m2/repository/org/postgresql/postgresql/42.2.10/postgresql-42.2.10.jar:/home/basis/.m2/repository/javax/validation/validation-api/2.0.1.Final/validation-api-2.0.1.Final.jar:/home/basis/.m2/repository/org/springframework/boot/spring-boot-starter-test/2.2.5.RELEASE/spring-boot-starter-test-2.2.5.RELEASE.jar:/home/basis/.m2/repository/org/springframework/boot/spring-boot-test/2.2.5.RELEASE/spring-boot-test-2.2.5.RELEASE.jar:/home/basis/.m2/repository/org/springframework/boot/spring-boot-test-autoconfigure/2.2.5.RELEASE/spring-boot-test-autoconfigure-2.2.5.RELEASE.jar:/home/basis/.m2/repository/com/jayway/jsonpath/json-path/2.4.0/json-path-2.4.0.jar:/home/basis/.m2/repository/net/minidev/json-smart/2.3/json-smart-2.3.jar:/home/basis/.m2/repository/net/minidev/accessors-smart/1.2/accessors-smart-1.2.jar:/home/basis/.m2/repository/org/ow2/asm/asm/5.0.4/asm-5.0.4.jar:/home/basis/.m2/repository/jakarta/xml/bind/jakarta.xml.bind-api/2.3.2/jakarta.xml.bind-api-2.3.2.jar:/home/basis/.m2/repository/org/junit/jupiter/junit-jupiter/5.5.2/junit-jupiter-5.5.2.jar:/home/basis/.m2/repository/org/junit/jupiter/junit-jupiter-api/5.5.2/junit-jupiter-api-5.5.2.jar:/home/basis/.m2/repository/org/apiguardian/apiguardian-api/1.1.0/apiguardian-api-1.1.0.jar:/home/basis/.m2/repository/org/opentest4j/opentest4j/1.2.0/opentest4j-1.2.0.jar:/home/basis/.m2/repository/org/junit/platform/junit-platform-commons/1.5.2/junit-platform-commons-1.5.2.jar:/home/basis/.m2/repository/org/junit/jupiter/junit-jupiter-params/5.5.2/junit-jupiter-params-5.5.2.jar:/home/basis/.m2/repository/org/junit/jupiter/junit-jupiter-engine/5.5.2/junit-jupiter-engine-5.5.2.jar:/home/basis/.m2/repository/org/junit/platform/junit-platform-engine/1.5.2/junit-platform-engine-1.5.2.jar:/home/basis/.m2/repository/org/mockito/mockito-junit-jupiter/3.1.0/mockito-junit-jupiter-3.1.0.jar:/home/basis/.m2/repository/org/assertj/assertj-core/3.13.2/assertj-core-3.13.2.jar:/home/basis/.m2/repository/org/hamcrest/hamcrest/2.1/hamcrest-2.1.jar:/home/basis/.m2/repository/org/mockito/mockito-core/3.1.0/mockito-core-3.1.0.jar:/home/basis/.m2/repository/net/bytebuddy/byte-buddy-agent/1.10.8/byte-buddy-agent-1.10.8.jar:/home/basis/.m2/repository/org/objenesis/objenesis/2.6/objenesis-2.6.jar:/home/basis/.m2/repository/org/skyscreamer/jsonassert/1.5.0/jsonassert-1.5.0.jar:/home/basis/.m2/repository/com/vaadin/external/google/android-json/0.0.20131108.vaadin1/android-json-0.0.20131108.vaadin1.jar:/home/basis/.m2/repository/org/springframework/spring-test/5.2.4.RELEASE/spring-test-5.2.4.RELEASE.jar:/home/basis/.m2/repository/org/xmlunit/xmlunit-core/2.6.3/xmlunit-core-2.6.3.jar:/home/basis/.m2/repository/org/apache/httpcomponents/httpclient/4.5.11/httpclient-4.5.11.jar:/home/basis/.m2/repository/org/apache/httpcomponents/httpcore/4.4.13/httpcore-4.4.13.jar:/home/basis/.m2/repository/commons-codec/commons-codec/1.13/commons-codec-1.13.jar:/home/basis/.m2/repository/org/json/json/20190722/json-20190722.jar:/home/basis/.m2/repository/org/projectlombok/lombok/1.18.12/lombok-1.18.12.jar:/home/basis/.m2/repository/org/mapstruct/mapstruct/1.3.1.Final/mapstruct-1.3.1.Final.jar:/home/basis/.m2/repository/org/springframework/boot/spring-boot-starter/2.2.5.RELEASE/spring-boot-starter-2.2.5.RELEASE.jar:/home/basis/.m2/repository/org/springframework/boot/spring-boot/2.2.5.RELEASE/spring-boot-2.2.5.RELEASE.jar:/home/basis/.m2/repository/org/springframework/boot/spring-boot-autoconfigure/2.2.5.RELEASE/spring-boot-autoconfigure-2.2.5.RELEASE.jar:/home/basis/.m2/repository/org/springframework/boot/spring-boot-starter-logging/2.2.5.RELEASE/spring-boot-starter-logging-2.2.5.RELEASE.jar:/home/basis/.m2/repository/ch/qos/logback/logback-classic/1.2.3/logback-classic-1.2.3.jar:/home/basis/.m2/repository/ch/qos/logback/logback-core/1.2.3/logback-core-1.2.3.jar:/home/basis/.m2/repository/org/apache/logging/log4j/log4j-to-slf4j/2.12.1/log4j-to-slf4j-2.12.1.jar:/home/basis/.m2/repository/org/apache/logging/log4j/log4j-api/2.12.1/log4j-api-2.12.1.jar:/home/basis/.m2/repository/org/slf4j/jul-to-slf4j/1.7.30/jul-to-slf4j-1.7.30.jar:/home/basis/.m2/repository/jakarta/annotation/jakarta.annotation-api/1.3.5/jakarta.annotation-api-1.3.5.jar:/home/basis/.m2/repository/org/yaml/snakeyaml/1.25/snakeyaml-1.25.jar:/home/basis/.m2/repository/org/springframework/boot/spring-boot-devtools/2.2.5.RELEASE/spring-boot-devtools-2.2.5.RELEASE.jar:/home/basis/.m2/repository/org/springframework/cloud/spring-cloud-starter-openfeign/2.2.5.RELEASE/spring-cloud-starter-openfeign-2.2.5.RELEASE.jar:/home/basis/.m2/repository/org/springframework/cloud/spring-cloud-starter/2.2.5.RELEASE/spring-cloud-starter-2.2.5.RELEASE.jar:/home/basis/.m2/repository/org/springframework/cloud/spring-cloud-context/2.2.5.RELEASE/spring-cloud-context-2.2.5.RELEASE.jar:/home/basis/.m2/repository/org/springframework/security/spring-security-rsa/1.0.9.RELEASE/spring-security-rsa-1.0.9.RELEASE.jar:/home/basis/.m2/repository/org/bouncycastle/bcpkix-jdk15on/1.64/bcpkix-jdk15on-1.64.jar:/home/basis/.m2/repository/org/bouncycastle/bcprov-jdk15on/1.64/bcprov-jdk15on-1.64.jar:/home/basis/.m2/repository/org/springframework/cloud/spring-cloud-openfeign-core/2.2.5.RELEASE/spring-cloud-openfeign-core-2.2.5.RELEASE.jar:/home/basis/.m2/repository/org/springframework/cloud/spring-cloud-netflix-ribbon/2.2.5.RELEASE/spring-cloud-netflix-ribbon-2.2.5.RELEASE.jar:/home/basis/.m2/repository/org/springframework/cloud/spring-cloud-netflix-archaius/2.2.5.RELEASE/spring-cloud-netflix-archaius-2.2.5.RELEASE.jar:/home/basis/.m2/repository/io/github/openfeign/form/feign-form-spring/3.8.0/feign-form-spring-3.8.0.jar:/home/basis/.m2/repository/io/github/openfeign/form/feign-form/3.8.0/feign-form-3.8.0.jar:/home/basis/.m2/repository/commons-fileupload/commons-fileupload/1.4/commons-fileupload-1.4.jar:/home/basis/.m2/repository/commons-io/commons-io/2.2/commons-io-2.2.jar:/home/basis/.m2/repository/org/springframework/cloud/spring-cloud-commons/2.2.5.RELEASE/spring-cloud-commons-2.2.5.RELEASE.jar:/home/basis/.m2/repository/org/springframework/security/spring-security-crypto/5.2.2.RELEASE/spring-security-crypto-5.2.2.RELEASE.jar:/home/basis/.m2/repository/io/github/openfeign/feign-core/10.10.1/feign-core-10.10.1.jar:/home/basis/.m2/repository/io/github/openfeign/feign-slf4j/10.10.1/feign-slf4j-10.10.1.jar:/home/basis/.m2/repository/io/github/openfeign/feign-hystrix/10.10.1/feign-hystrix-10.10.1.jar:/home/basis/.m2/repository/com/netflix/archaius/archaius-core/0.7.6/archaius-core-0.7.6.jar:/home/basis/.m2/repository/com/google/code/findbugs/jsr305/3.0.1/jsr305-3.0.1.jar:/home/basis/.m2/repository/commons-configuration/commons-configuration/1.8/commons-configuration-1.8.jar:/home/basis/.m2/repository/commons-lang/commons-lang/2.6/commons-lang-2.6.jar:/home/basis/.m2/repository/com/google/guava/guava/29.0-jre/guava-29.0-jre.jar:/home/basis/.m2/repository/com/google/guava/failureaccess/1.0.1/failureaccess-1.0.1.jar:/home/basis/.m2/repository/com/google/guava/listenablefuture/9999.0-empty-to-avoid-conflict-with-guava/listenablefuture-9999.0-empty-to-avoid-conflict-with-guava.jar:/home/basis/.m2/repository/org/checkerframework/checker-qual/2.11.1/checker-qual-2.11.1.jar:/home/basis/.m2/repository/com/google/errorprone/error_prone_annotations/2.3.4/error_prone_annotations-2.3.4.jar:/home/basis/.m2/repository/com/google/j2objc/j2objc-annotations/1.3/j2objc-annotations-1.3.jar:/home/basis/.m2/repository/com/netflix/hystrix/hystrix-core/1.5.18/hystrix-core-1.5.18.jar:/home/basis/.m2/repository/io/reactivex/rxjava/1.3.8/rxjava-1.3.8.jar:/home/basis/.m2/repository/org/hdrhistogram/HdrHistogram/2.1.9/HdrHistogram-2.1.9.jar:"/>
    <property name="java.vm.vendor" value="Ubuntu"/>
    <property name="sun.arch.data.model" value="64"/>
    <property name="java.vendor.url" value="https://ubuntu.com/"/>
    <property name="user.timezone" value=""/>
    <property name="java.vm.specification.version" value="11"/>
    <property name="os.name" value="Linux"/>
    <property name="sun.java.launcher" value="SUN_STANDARD"/>
    <property name="user.country" value="BR"/>
    <property name="sun.boot.library.path" value="/usr/lib/jvm/java-11-openjdk-amd64/lib"/>
    <property name="sun.java.command" value="/home/basis/Documents/workspace/api-cep/target/surefire/surefirebooter6828662594871102528.jar /home/basis/Documents/workspace/api-cep/target/surefire 2020-09-12T14-54-53_621-jvmRun1 surefire14020388580007012591tmp surefire_0556099411897245755tmp"/>
    <property name="jdk.debug" value="release"/>
    <property name="surefire.test.class.path" value="/home/basis/Documents/workspace/api-cep/target/test-classes:/home/basis/Documents/workspace/api-cep/target/classes:/home/basis/.m2/repository/org/springframework/boot/spring-boot-starter-web/2.2.5.RELEASE/spring-boot-starter-web-2.2.5.RELEASE.jar:/home/basis/.m2/repository/org/springframework/boot/spring-boot-starter-json/2.2.5.RELEASE/spring-boot-starter-json-2.2.5.RELEASE.jar:/home/basis/.m2/repository/com/fasterxml/jackson/core/jackson-databind/2.10.2/jackson-databind-2.10.2.jar:/home/basis/.m2/repository/com/fasterxml/jackson/core/jackson-annotations/2.10.2/jackson-annotations-2.10.2.jar:/home/basis/.m2/repository/com/fasterxml/jackson/core/jackson-core/2.10.2/jackson-core-2.10.2.jar:/home/basis/.m2/repository/com/fasterxml/jackson/datatype/jackson-datatype-jdk8/2.10.2/jackson-datatype-jdk8-2.10.2.jar:/home/basis/.m2/repository/com/fasterxml/jackson/datatype/jackson-datatype-jsr310/2.10.2/jackson-datatype-jsr310-2.10.2.jar:/home/basis/.m2/repository/com/fasterxml/jackson/module/jackson-module-parameter-names/2.10.2/jackson-module-parameter-names-2.10.2.jar:/home/basis/.m2/repository/org/springframework/boot/spring-boot-starter-tomcat/2.2.5.RELEASE/spring-boot-starter-tomcat-2.2.5.RELEASE.jar:/home/basis/.m2/repository/org/apache/tomcat/embed/tomcat-embed-core/9.0.31/tomcat-embed-core-9.0.31.jar:/home/basis/.m2/repository/org/apache/tomcat/embed/tomcat-embed-el/9.0.31/tomcat-embed-el-9.0.31.jar:/home/basis/.m2/repository/org/apache/tomcat/embed/tomcat-embed-websocket/9.0.31/tomcat-embed-websocket-9.0.31.jar:/home/basis/.m2/repository/org/springframework/boot/spring-boot-starter-validation/2.2.5.RELEASE/spring-boot-starter-validation-2.2.5.RELEASE.jar:/home/basis/.m2/repository/jakarta/validation/jakarta.validation-api/2.0.2/jakarta.validation-api-2.0.2.jar:/home/basis/.m2/repository/org/hibernate/validator/hibernate-validator/6.0.18.Final/hibernate-validator-6.0.18.Final.jar:/home/basis/.m2/repository/org/springframework/spring-webmvc/5.2.4.RELEASE/spring-webmvc-5.2.4.RELEASE.jar:/home/basis/.m2/repository/org/springframework/spring-aop/5.2.4.RELEASE/spring-aop-5.2.4.RELEASE.jar:/home/basis/.m2/repository/org/springframework/spring-context/5.2.4.RELEASE/spring-context-5.2.4.RELEASE.jar:/home/basis/.m2/repository/org/springframework/spring-expression/5.2.4.RELEASE/spring-expression-5.2.4.RELEASE.jar:/home/basis/.m2/repository/org/springframework/boot/spring-boot-starter-data-jpa/2.2.5.RELEASE/spring-boot-starter-data-jpa-2.2.5.RELEASE.jar:/home/basis/.m2/repository/org/springframework/boot/spring-boot-starter-aop/2.2.5.RELEASE/spring-boot-starter-aop-2.2.5.RELEASE.jar:/home/basis/.m2/repository/org/aspectj/aspectjweaver/1.9.5/aspectjweaver-1.9.5.jar:/home/basis/.m2/repository/org/springframework/boot/spring-boot-starter-jdbc/2.2.5.RELEASE/spring-boot-starter-jdbc-2.2.5.RELEASE.jar:/home/basis/.m2/repository/com/zaxxer/HikariCP/3.4.2/HikariCP-3.4.2.jar:/home/basis/.m2/repository/org/springframework/spring-jdbc/5.2.4.RELEASE/spring-jdbc-5.2.4.RELEASE.jar:/home/basis/.m2/repository/jakarta/activation/jakarta.activation-api/1.2.2/jakarta.activation-api-1.2.2.jar:/home/basis/.m2/repository/jakarta/persistence/jakarta.persistence-api/2.2.3/jakarta.persistence-api-2.2.3.jar:/home/basis/.m2/repository/jakarta/transaction/jakarta.transaction-api/1.3.3/jakarta.transaction-api-1.3.3.jar:/home/basis/.m2/repository/org/hibernate/hibernate-core/5.4.12.Final/hibernate-core-5.4.12.Final.jar:/home/basis/.m2/repository/org/jboss/logging/jboss-logging/3.4.1.Final/jboss-logging-3.4.1.Final.jar:/home/basis/.m2/repository/org/javassist/javassist/3.24.0-GA/javassist-3.24.0-GA.jar:/home/basis/.m2/repository/net/bytebuddy/byte-buddy/1.10.8/byte-buddy-1.10.8.jar:/home/basis/.m2/repository/antlr/antlr/2.7.7/antlr-2.7.7.jar:/home/basis/.m2/repository/org/jboss/jandex/2.1.1.Final/jandex-2.1.1.Final.jar:/home/basis/.m2/repository/com/fasterxml/classmate/1.5.1/classmate-1.5.1.jar:/home/basis/.m2/repository/org/dom4j/dom4j/2.1.1/dom4j-2.1.1.jar:/home/basis/.m2/repository/org/hibernate/common/hibernate-commons-annotations/5.1.0.Final/hibernate-commons-annotations-5.1.0.Final.jar:/home/basis/.m2/repository/org/glassfish/jaxb/jaxb-runtime/2.3.2/jaxb-runtime-2.3.2.jar:/home/basis/.m2/repository/org/glassfish/jaxb/txw2/2.3.2/txw2-2.3.2.jar:/home/basis/.m2/repository/com/sun/istack/istack-commons-runtime/3.0.8/istack-commons-runtime-3.0.8.jar:/home/basis/.m2/repository/org/jvnet/staxex/stax-ex/1.8.1/stax-ex-1.8.1.jar:/home/basis/.m2/repository/com/sun/xml/fastinfoset/FastInfoset/1.2.16/FastInfoset-1.2.16.jar:/home/basis/.m2/repository/org/springframework/data/spring-data-jpa/2.2.5.RELEASE/spring-data-jpa-2.2.5.RELEASE.jar:/home/basis/.m2/repository/org/springframework/data/spring-data-commons/2.2.5.RELEASE/spring-data-commons-2.2.5.RELEASE.jar:/home/basis/.m2/repository/org/springframework/spring-orm/5.2.4.RELEASE/spring-orm-5.2.4.RELEASE.jar:/home/basis/.m2/repository/org/springframework/spring-tx/5.2.4.RELEASE/spring-tx-5.2.4.RELEASE.jar:/home/basis/.m2/repository/org/slf4j/slf4j-api/1.7.30/slf4j-api-1.7.30.jar:/home/basis/.m2/repository/org/springframework/spring-aspects/5.2.4.RELEASE/spring-aspects-5.2.4.RELEASE.jar:/home/basis/.m2/repository/org/springframework/spring-web/5.2.4.RELEASE/spring-web-5.2.4.RELEASE.jar:/home/basis/.m2/repository/org/springframework/spring-beans/5.2.4.RELEASE/spring-beans-5.2.4.RELEASE.jar:/home/basis/.m2/repository/org/springframework/spring-core/5.2.4.RELEASE/spring-core-5.2.4.RELEASE.jar:/home/basis/.m2/repository/org/springframework/spring-jcl/5.2.4.RELEASE/spring-jcl-5.2.4.RELEASE.jar:/home/basis/.m2/repository/org/postgresql/postgresql/42.2.10/postgresql-42.2.10.jar:/home/basis/.m2/repository/javax/validation/validation-api/2.0.1.Final/validation-api-2.0.1.Final.jar:/home/basis/.m2/repository/org/springframework/boot/spring-boot-starter-test/2.2.5.RELEASE/spring-boot-starter-test-2.2.5.RELEASE.jar:/home/basis/.m2/repository/org/springframework/boot/spring-boot-test/2.2.5.RELEASE/spring-boot-test-2.2.5.RELEASE.jar:/home/basis/.m2/repository/org/springframework/boot/spring-boot-test-autoconfigure/2.2.5.RELEASE/spring-boot-test-autoconfigure-2.2.5.RELEASE.jar:/home/basis/.m2/repository/com/jayway/jsonpath/json-path/2.4.0/json-path-2.4.0.jar:/home/basis/.m2/repository/net/minidev/json-smart/2.3/json-smart-2.3.jar:/home/basis/.m2/repository/net/minidev/accessors-smart/1.2/accessors-smart-1.2.jar:/home/basis/.m2/repository/org/ow2/asm/asm/5.0.4/asm-5.0.4.jar:/home/basis/.m2/repository/jakarta/xml/bind/jakarta.xml.bind-api/2.3.2/jakarta.xml.bind-api-2.3.2.jar:/home/basis/.m2/repository/org/junit/jupiter/junit-jupiter/5.5.2/junit-jupiter-5.5.2.jar:/home/basis/.m2/repository/org/junit/jupiter/junit-jupiter-api/5.5.2/junit-jupiter-api-5.5.2.jar:/home/basis/.m2/repository/org/apiguardian/apiguardian-api/1.1.0/apiguardian-api-1.1.0.jar:/home/basis/.m2/repository/org/opentest4j/opentest4j/1.2.0/opentest4j-1.2.0.jar:/home/basis/.m2/repository/org/junit/platform/junit-platform-commons/1.5.2/junit-platform-commons-1.5.2.jar:/home/basis/.m2/repository/org/junit/jupiter/junit-jupiter-params/5.5.2/junit-jupiter-params-5.5.2.jar:/home/basis/.m2/repository/org/junit/jupiter/junit-jupiter-engine/5.5.2/junit-jupiter-engine-5.5.2.jar:/home/basis/.m2/repository/org/junit/platform/junit-platform-engine/1.5.2/junit-platform-engine-1.5.2.jar:/home/basis/.m2/repository/org/mockito/mockito-junit-jupiter/3.1.0/mockito-junit-jupiter-3.1.0.jar:/home/basis/.m2/repository/org/assertj/assertj-core/3.13.2/assertj-core-3.13.2.jar:/home/basis/.m2/repository/org/hamcrest/hamcrest/2.1/hamcrest-2.1.jar:/home/basis/.m2/repository/org/mockito/mockito-core/3.1.0/mockito-core-3.1.0.jar:/home/basis/.m2/repository/net/bytebuddy/byte-buddy-agent/1.10.8/byte-buddy-agent-1.10.8.jar:/home/basis/.m2/repository/org/objenesis/objenesis/2.6/objenesis-2.6.jar:/home/basis/.m2/repository/org/skyscreamer/jsonassert/1.5.0/jsonassert-1.5.0.jar:/home/basis/.m2/repository/com/vaadin/external/google/android-json/0.0.20131108.vaadin1/android-json-0.0.20131108.vaadin1.jar:/home/basis/.m2/repository/org/springframework/spring-test/5.2.4.RELEASE/spring-test-5.2.4.RELEASE.jar:/home/basis/.m2/repository/org/xmlunit/xmlunit-core/2.6.3/xmlunit-core-2.6.3.jar:/home/basis/.m2/repository/org/apache/httpcomponents/httpclient/4.5.11/httpclient-4.5.11.jar:/home/basis/.m2/repository/org/apache/httpcomponents/httpcore/4.4.13/httpcore-4.4.13.jar:/home/basis/.m2/repository/commons-codec/commons-codec/1.13/commons-codec-1.13.jar:/home/basis/.m2/repository/org/json/json/20190722/json-20190722.jar:/home/basis/.m2/repository/org/projectlombok/lombok/1.18.12/lombok-1.18.12.jar:/home/basis/.m2/repository/org/mapstruct/mapstruct/1.3.1.Final/mapstruct-1.3.1.Final.jar:/home/basis/.m2/repository/org/springframework/boot/spring-boot-starter/2.2.5.RELEASE/spring-boot-starter-2.2.5.RELEASE.jar:/home/basis/.m2/repository/org/springframework/boot/spring-boot/2.2.5.RELEASE/spring-boot-2.2.5.RELEASE.jar:/home/basis/.m2/repository/org/springframework/boot/spring-boot-autoconfigure/2.2.5.RELEASE/spring-boot-autoconfigure-2.2.5.RELEASE.jar:/home/basis/.m2/repository/org/springframework/boot/spring-boot-starter-logging/2.2.5.RELEASE/spring-boot-starter-logging-2.2.5.RELEASE.jar:/home/basis/.m2/repository/ch/qos/logback/logback-classic/1.2.3/logback-classic-1.2.3.jar:/home/basis/.m2/repository/ch/qos/logback/logback-core/1.2.3/logback-core-1.2.3.jar:/home/basis/.m2/repository/org/apache/logging/log4j/log4j-to-slf4j/2.12.1/log4j-to-slf4j-2.12.1.jar:/home/basis/.m2/repository/org/apache/logging/log4j/log4j-api/2.12.1/log4j-api-2.12.1.jar:/home/basis/.m2/repository/org/slf4j/jul-to-slf4j/1.7.30/jul-to-slf4j-1.7.30.jar:/home/basis/.m2/repository/jakarta/annotation/jakarta.annotation-api/1.3.5/jakarta.annotation-api-1.3.5.jar:/home/basis/.m2/repository/org/yaml/snakeyaml/1.25/snakeyaml-1.25.jar:/home/basis/.m2/repository/org/springframework/boot/spring-boot-devtools/2.2.5.RELEASE/spring-boot-devtools-2.2.5.RELEASE.jar:/home/basis/.m2/repository/org/springframework/cloud/spring-cloud-starter-openfeign/2.2.5.RELEASE/spring-cloud-starter-openfeign-2.2.5.RELEASE.jar:/home/basis/.m2/repository/org/springframework/cloud/spring-cloud-starter/2.2.5.RELEASE/spring-cloud-starter-2.2.5.RELEASE.jar:/home/basis/.m2/repository/org/springframework/cloud/spring-cloud-context/2.2.5.RELEASE/spring-cloud-context-2.2.5.RELEASE.jar:/home/basis/.m2/repository/org/springframework/security/spring-security-rsa/1.0.9.RELEASE/spring-security-rsa-1.0.9.RELEASE.jar:/home/basis/.m2/repository/org/bouncycastle/bcpkix-jdk15on/1.64/bcpkix-jdk15on-1.64.jar:/home/basis/.m2/repository/org/bouncycastle/bcprov-jdk15on/1.64/bcprov-jdk15on-1.64.jar:/home/basis/.m2/repository/org/springframework/cloud/spring-cloud-openfeign-core/2.2.5.RELEASE/spring-cloud-openfeign-core-2.2.5.RELEASE.jar:/home/basis/.m2/repository/org/springframework/cloud/spring-cloud-netflix-ribbon/2.2.5.RELEASE/spring-cloud-netflix-ribbon-2.2.5.RELEASE.jar:/home/basis/.m2/repository/org/springframework/cloud/spring-cloud-netflix-archaius/2.2.5.RELEASE/spring-cloud-netflix-archaius-2.2.5.RELEASE.jar:/home/basis/.m2/repository/io/github/openfeign/form/feign-form-spring/3.8.0/feign-form-spring-3.8.0.jar:/home/basis/.m2/repository/io/github/openfeign/form/feign-form/3.8.0/feign-form-3.8.0.jar:/home/basis/.m2/repository/commons-fileupload/commons-fileupload/1.4/commons-fileupload-1.4.jar:/home/basis/.m2/repository/commons-io/commons-io/2.2/commons-io-2.2.jar:/home/basis/.m2/repository/org/springframework/cloud/spring-cloud-commons/2.2.5.RELEASE/spring-cloud-commons-2.2.5.RELEASE.jar:/home/basis/.m2/repository/org/springframework/security/spring-security-crypto/5.2.2.RELEASE/spring-security-crypto-5.2.2.RELEASE.jar:/home/basis/.m2/repository/io/github/openfeign/feign-core/10.10.1/feign-core-10.10.1.jar:/home/basis/.m2/repository/io/github/openfeign/feign-slf4j/10.10.1/feign-slf4j-10.10.1.jar:/home/basis/.m2/repository/io/github/openfeign/feign-hystrix/10.10.1/feign-hystrix-10.10.1.jar:/home/basis/.m2/repository/com/netflix/archaius/archaius-core/0.7.6/archaius-core-0.7.6.jar:/home/basis/.m2/repository/com/google/code/findbugs/jsr305/3.0.1/jsr305-3.0.1.jar:/home/basis/.m2/repository/commons-configuration/commons-configuration/1.8/commons-configuration-1.8.jar:/home/basis/.m2/repository/commons-lang/commons-lang/2.6/commons-lang-2.6.jar:/home/basis/.m2/repository/com/google/guava/guava/29.0-jre/guava-29.0-jre.jar:/home/basis/.m2/repository/com/google/guava/failureaccess/1.0.1/failureaccess-1.0.1.jar:/home/basis/.m2/repository/com/google/guava/listenablefuture/9999.0-empty-to-avoid-conflict-with-guava/listenablefuture-9999.0-empty-to-avoid-conflict-with-guava.jar:/home/basis/.m2/repository/org/checkerframework/checker-qual/2.11.1/checker-qual-2.11.1.jar:/home/basis/.m2/repository/com/google/errorprone/error_prone_annotations/2.3.4/error_prone_annotations-2.3.4.jar:/home/basis/.m2/repository/com/google/j2objc/j2objc-annotations/1.3/j2objc-annotations-1.3.jar:/home/basis/.m2/repository/com/netflix/hystrix/hystrix-core/1.5.18/hystrix-core-1.5.18.jar:/home/basis/.m2/repository/io/reactivex/rxjava/1.3.8/rxjava-1.3.8.jar:/home/basis/.m2/repository/org/hdrhistogram/HdrHistogram/2.1.9/HdrHistogram-2.1.9.jar:"/>
    <property name="sun.cpu.endian" value="little"/>
    <property name="user.home" value="/home/basis"/>
    <property name="user.language" value="pt"/>
    <property name="java.specification.vendor" value="Oracle Corporation"/>
    <property name="java.version.date" value="2020-07-14"/>
    <property name="java.home" value="/usr/lib/jvm/java-11-openjdk-amd64"/>
    <property name="file.separator" value="/"/>
    <property name="style.color" value="always"/>
    <property name="basedir" value="/home/basis/Documents/workspace/api-cep"/>
    <property name="java.vm.compressedOopsMode" value="Zero based"/>
    <property name="line.separator" value="&#10;"/>
    <property name="java.specification.name" value="Java Platform API Specification"/>
    <property name="java.vm.specification.vendor" value="Oracle Corporation"/>
    <property name="java.awt.graphicsenv" value="sun.awt.X11GraphicsEnvironment"/>
    <property name="surefire.real.class.path" value="/home/basis/Documents/workspace/api-cep/target/surefire/surefirebooter6828662594871102528.jar"/>
    <property name="sun.management.compiler" value="HotSpot 64-Bit Tiered Compilers"/>
    <property name="java.runtime.version" value="11.0.8+10-post-Ubuntu-0ubuntu118.04.1"/>
    <property name="user.name" value="basis"/>
    <property name="path.separator" value=":"/>
    <property name="os.version" value="5.4.0-47-generic"/>
    <property name="java.runtime.name" value="OpenJDK Runtime Environment"/>
    <property name="file.encoding" value="UTF-8"/>
    <property name="java.vm.name" value="OpenJDK 64-Bit Server VM"/>
    <property name="localRepository" value="/home/basis/.m2/repository"/>
    <property name="java.vendor.url.bug" value="https://bugs.launchpad.net/ubuntu/+source/openjdk-lts"/>
    <property name="java.io.tmpdir" value="/tmp"/>
    <property name="java.version" value="11.0.8"/>
    <property name="user.dir" value="/home/basis/Documents/workspace/api-cep"/>
    <property name="os.arch" value="amd64"/>
    <property name="java.vm.specification.name" value="Java Virtual Machine Specification"/>
    <property name="java.awt.printerjob" value="sun.print.PSPrinterJob"/>
    <property name="sun.os.patch.level" value="unknown"/>
    <property name="java.library.path" value="/usr/java/packages/lib:/usr/lib/x86_64-linux-gnu/jni:/lib/x86_64-linux-gnu:/usr/lib/x86_64-linux-gnu:/usr/lib/jni:/lib:/usr/lib"/>
    <property name="java.vm.info" value="mixed mode"/>
    <property name="java.vendor" value="Ubuntu"/>
    <property name="java.vm.version" value="11.0.8+10-post-Ubuntu-0ubuntu118.04.1"/>
    <property name="sun.io.unicode.encoding" value="UnicodeLittle"/>
    <property name="java.class.version" value="55.0"/>
  </properties>
  <testcase name="contextLoads" classname="br.com.cep.CepApplicationTests" time="0.073"/>
</testsuite>